<?xml version="1.0" encoding="UTF-8"?>
<!-- Generated by org.testng.reporters.JUnitReportReporter -->
<testsuite hostname="LAPTOP-3TR6LPOF" failures="0" tests="1" name="ResponseBodyValidation.Validation" time="2.826" errors="0" timestamp="2024-08-31T12:44:23 IST" skipped="0">
  <testcase classname="ResponseBodyValidation.Validation" name="m1" time="2.826"/>
  <system-out/>
</testsuite> <!-- ResponseBodyValidation.Validation -->
