<?xml version="1.0" encoding="UTF-8"?>
<!-- Generated by org.testng.reporters.JUnitReportReporter -->
<testsuite hostname="LAPTOP-3TR6LPOF" failures="0" tests="1" name="complexDataValidation.DataValidation" time="2.506" errors="0" timestamp="2024-09-02T11:56:54 IST" skipped="0">
  <testcase classname="complexDataValidation.DataValidation" name="complexDataValidation" time="2.506"/>
  <system-out/>
</testsuite> <!-- complexDataValidation.DataValidation -->
