<?xml version="1.0" encoding="UTF-8"?>
<!-- Generated by org.testng.reporters.JUnitReportReporter -->
<testsuite hostname="LAPTOP-3TR6LPOF" failures="0" tests="1" name="CreateRequestByJsonObject.CreateRequestByJsonObject" time="2.170" errors="0" timestamp="2024-08-29T12:55:28 IST" skipped="0">
  <testcase classname="CreateRequestByJsonObject.CreateRequestByJsonObject" name="createReq" time="2.170"/>
  <system-out/>
</testsuite> <!-- CreateRequestByJsonObject.CreateRequestByJsonObject -->
