<?xml version="1.0" encoding="UTF-8"?>
<!-- Generated by org.testng.reporters.JUnitReportReporter -->
<testsuite hostname="LAPTOP-3TR6LPOF" failures="0" tests="1" name="CrudOperations.FetchDataUsingJsonPath" time="2.171" errors="0" timestamp="2024-08-30T12:37:21 IST" skipped="0">
  <testcase classname="CrudOperations.FetchDataUsingJsonPath" name="fetchDataUsingJsonPath" time="2.171"/>
  <system-out/>
</testsuite> <!-- CrudOperations.FetchDataUsingJsonPath -->
