<?xml version="1.0" encoding="UTF-8"?>
<!-- Generated by org.testng.reporters.JUnitReportReporter -->
<testsuite hostname="LAPTOP-3TR6LPOF" failures="0" tests="1" name="CreateRequestByPojo.CreateRequest" time="2.396" errors="0" timestamp="2024-08-29T12:42:14 IST" skipped="0">
  <testcase classname="CreateRequestByPojo.CreateRequest" name="createReq" time="2.396"/>
  <system-out/>
</testsuite> <!-- CreateRequestByPojo.CreateRequest -->
