<?xml version="1.0" encoding="UTF-8"?>
<!-- Generated by org.testng.reporters.JUnitReportReporter -->
<testsuite hostname="LAPTOP-3TR6LPOF" failures="0" tests="1" name="CreateRequestByHashMap.CreateByHashMap" time="2.351" errors="0" timestamp="2024-08-29T12:47:57 IST" skipped="0">
  <testcase classname="CreateRequestByHashMap.CreateByHashMap" name="createReq" time="2.351"/>
  <system-out/>
</testsuite> <!-- CreateRequestByHashMap.CreateByHashMap -->
