<?xml version="1.0" encoding="UTF-8"?>
<!-- Generated by org.testng.reporters.JUnitReportReporter -->
<testsuite hostname="LAPTOP-3TR6LPOF" failures="0" tests="1" name="CrudOperations.ReadAndDelete" time="4.853" errors="0" timestamp="2024-08-31T11:49:28 IST" skipped="0">
  <testcase classname="CrudOperations.ReadAndDelete" name="requestChaining" time="4.853"/>
  <system-out/>
</testsuite> <!-- CrudOperations.ReadAndDelete -->
