<?xml version="1.0" encoding="UTF-8"?>
<!-- Generated by org.testng.reporters.JUnitReportReporter -->
<testsuite hostname="LAPTOP-3TR6LPOF" failures="0" tests="1" name="CreateRequestByjsonFile.CreateByJsonFle" time="2.196" errors="0" timestamp="2024-08-29T12:53:01 IST" skipped="0">
  <testcase classname="CreateRequestByjsonFile.CreateByJsonFle" name="createByJsonFile" time="2.196"/>
  <system-out/>
</testsuite> <!-- CreateRequestByjsonFile.CreateByJsonFle -->
